<?xml version="1.0" encoding="UTF-8"?>
<!-- Generated by org.testng.reporters.JUnitXMLReporter -->
<testsuite ignored="0" hostname="DESKTOP-L2VLVE7" failures="3" tests="24" name="Test" time="22.217" errors="0" timestamp="2021-12-17T03:52:30 GMT">
  <testcase classname="testCases.CreateUser" name="createUser" time="3.4"/>
  <testcase classname="testCases.CreateUser" name="createUser" time="0.639"/>
  <testcase classname="testCases.CreateUser" name="createUser" time="0.614"/>
  <testcase classname="testCases.CreateUser" name="createUser" time="0.604"/>
  <testcase classname="testCases.CreateUser" name="createUser" time="0.616">
    <failure type="java.lang.AssertionError" message="expected [true] but found [false]">
      <![CDATA[java.lang.AssertionError: expected [true] but found [false]
at testCases.CreateUser.createUser(CreateUser.java:89)
at java.base/java.util.ArrayList.forEach(ArrayList.java:1511)
... Removed 31 stack frames]]>
    </failure>
  </testcase> <!-- createUser -->
  <testcase classname="testCases.GetAndUpdateUserDetails" name="getUserDetails" time="0.367"/>
  <testcase classname="testCases.GetAndUpdateUserDetails" name="getUserDetails" time="0.334"/>
  <testcase classname="testCases.GetAndUpdateUserDetails" name="getUserDetails" time="0.311"/>
  <testcase classname="testCases.GetAndUpdateUserDetails" name="getUserDetails" time="0.287"/>
  <testcase classname="testCases.GetAndUpdateUserDetails" name="getUserDetails" time="0.309"/>
  <testcase classname="testCases.GetAndUpdateUserDetails" name="getUserDetails" time="0.283"/>
  <testcase classname="testCases.GetAndUpdateUserDetails" name="getUserDetails" time="0.255"/>
  <testcase classname="testCases.GetAndUpdateUserDetails" name="getUserDetails" time="0.267"/>
  <testcase classname="testCases.GetAndUpdateUserDetails" name="update" time="0.604"/>
  <testcase classname="testCases.GetAndUpdateUserDetails" name="update" time="0.606"/>
  <testcase classname="testCases.GetAndUpdateUserDetails" name="update" time="0.644"/>
  <testcase classname="testCases.GetAndUpdateUserDetails" name="update" time="0.6"/>
  <testcase classname="testCases.GetAndUpdateUserDetails" name="update" time="0.165">
    <failure type="java.lang.AssertionError" message=" status code returned expected [200] but found [404]">
      <![CDATA[java.lang.AssertionError:  status code returned expected [200] but found [404]
at testCases.GetAndUpdateUserDetails.update(GetAndUpdateUserDetails.java:103)
at java.base/java.util.ArrayList.forEach(ArrayList.java:1511)
... Removed 32 stack frames]]>
    </failure>
  </testcase> <!-- update -->
  <testcase classname="testCases.SearchUserByEmail" name="searchEmail" time="1.11">
    <failure type="java.lang.AssertionError">
      <![CDATA[java.lang.AssertionError: 
at testCases.SearchUserByEmail.searchEmail(SearchUserByEmail.java:57)
at java.base/java.util.ArrayList.forEach(ArrayList.java:1511)
... Removed 30 stack frames]]>
    </failure>
  </testcase> <!-- searchEmail -->
  <testcase classname="testCases.SearchUserByEmail" name="searchEmail" time="0.312"/>
  <testcase classname="testCases.SearchUserByEmail" name="searchEmail" time="0.253"/>
  <testcase classname="testCases.SearchUserByEmail" name="searchEmail" time="0.297"/>
  <testcase classname="testCases.SearchUserByEmail" name="searchEmail" time="0.472"/>
  <testcase classname="testCases.SearchUserByEmail" name="searchEmail" time="0.273"/>
</testsuite> <!-- Test -->
